<?xml version="1.0" encoding="UTF-8"?>
<!-- Generated by org.testng.reporters.JUnitReportReporter -->
<testsuite hostname="Ronaks-MacBook-Pro.local" failures="0" tests="4" name="com.crm.qa.Testcases.ContactPageTest" time="53.795" errors="0" timestamp="2023-04-07T08:03:39 PDT" skipped="0">
  <testcase classname="com.crm.qa.Testcases.ContactPageTest" name="CreateNewContact" time="13.378"/>
  <system-out/>
  <testcase classname="com.crm.qa.Testcases.ContactPageTest" name="CreateNewContact" time="13.452"/>
  <system-out/>
  <testcase classname="com.crm.qa.Testcases.ContactPageTest" name="CreateNewContact" time="13.600"/>
  <system-out/>
  <testcase classname="com.crm.qa.Testcases.ContactPageTest" name="CreateNewContact" time="13.365"/>
  <system-out/>
</testsuite> <!-- com.crm.qa.Testcases.ContactPageTest -->
