<?xml version="1.0" encoding="UTF-8"?>
<!-- Generated by org.testng.reporters.JUnitReportReporter -->
<testsuite hostname="Ronaks-MacBook-Pro.local" failures="0" tests="2" name="com.crm.qa.Testcases.ContactPageTest" time="25.481" errors="0" timestamp="2023-08-01T09:28:21 PDT" skipped="0">
  <testcase classname="com.crm.qa.Testcases.ContactPageTest" name="CreateNewContact" time="12.830"/>
  <system-out/>
  <testcase classname="com.crm.qa.Testcases.ContactPageTest" name="CreateNewContact" time="12.651"/>
  <system-out/>
</testsuite> <!-- com.crm.qa.Testcases.ContactPageTest -->
