<?xml version="1.0" encoding="UTF-8"?>
<!-- Generated by org.testng.reporters.JUnitReportReporter -->
<testsuite hostname="Ronaks-MacBook-Pro.local" failures="0" tests="2" name="com.crm.qa.Testcases.HomePageTest" time="20.025" errors="0" timestamp="2023-03-13T00:08:17 PDT" skipped="0">
  <testcase classname="com.crm.qa.Testcases.HomePageTest" name="label" time="8.571"/>
  <system-out/>
  <testcase classname="com.crm.qa.Testcases.HomePageTest" name="newcontact" time="11.454"/>
  <system-out/>
</testsuite> <!-- com.crm.qa.Testcases.HomePageTest -->
