<?xml version="1.0" encoding="UTF-8"?>
<!-- Generated by org.testng.reporters.JUnitReportReporter -->
<testsuite hostname="Ronaks-MacBook-Pro.local" failures="0" tests="3" name="com.crm.qa.Testcases.LoginPageTest" time="24.528" errors="0" timestamp="2023-03-13T00:06:05 PDT" skipped="0">
  <testcase classname="com.crm.qa.Testcases.LoginPageTest" name="validatetitletest" time="6.969"/>
  <system-out/>
  <testcase classname="com.crm.qa.Testcases.LoginPageTest" name="validateLogoTest" time="6.940"/>
  <system-out/>
  <testcase classname="com.crm.qa.Testcases.LoginPageTest" name="loginTest" time="10.619"/>
  <system-out/>
</testsuite> <!-- com.crm.qa.Testcases.LoginPageTest -->
