<?xml version="1.0" encoding="UTF-8"?>
<!-- Generated by org.testng.reporters.JUnitReportReporter -->
<testsuite hostname="Ronaks-MacBook-Pro.local" failures="0" tests="3" name="com.crm.qa.Testcases.LoginPageTest" time="28.729" errors="0" timestamp="2023-08-01T09:28:21 PDT" skipped="0">
  <testcase classname="com.crm.qa.Testcases.LoginPageTest" name="validatetitletest" time="7.235"/>
  <system-out/>
  <testcase classname="com.crm.qa.Testcases.LoginPageTest" name="validateLogoTest" time="9.086"/>
  <system-out/>
  <testcase classname="com.crm.qa.Testcases.LoginPageTest" name="loginTest" time="12.408"/>
  <system-out/>
</testsuite> <!-- com.crm.qa.Testcases.LoginPageTest -->
