<?xml version="1.0" encoding="UTF-8"?>
<!-- Generated by org.testng.reporters.JUnitReportReporter -->
<testsuite hostname="Ronaks-MacBook-Pro.local" failures="0" tests="2" name="com.crm.qa.Testcases.HomePageTest" time="18.540" errors="0" timestamp="2023-08-01T09:28:21 PDT" skipped="0">
  <testcase classname="com.crm.qa.Testcases.HomePageTest" name="label" time="7.267"/>
  <system-out/>
  <testcase classname="com.crm.qa.Testcases.HomePageTest" name="newcontact" time="11.273"/>
  <system-out/>
</testsuite> <!-- com.crm.qa.Testcases.HomePageTest -->
