<?xml version="1.0" encoding="UTF-8"?>
<!-- Generated by org.testng.reporters.JUnitReportReporter -->
<testsuite hostname="Ronaks-MacBook-Pro.local" failures="0" tests="3" name="com.crm.qa.Testcases.LoginPageTest" time="31.678" errors="0" timestamp="2023-04-07T06:54:06 PDT" skipped="0">
  <testcase classname="com.crm.qa.Testcases.LoginPageTest" name="validatetitletest" time="6.773"/>
  <system-out/>
  <testcase classname="com.crm.qa.Testcases.LoginPageTest" name="validateLogoTest" time="14.779"/>
  <system-out/>
  <testcase classname="com.crm.qa.Testcases.LoginPageTest" name="loginTest" time="10.126"/>
  <system-out/>
</testsuite> <!-- com.crm.qa.Testcases.LoginPageTest -->
