<?xml version="1.0" encoding="UTF-8"?>
<!-- Generated by org.testng.reporters.JUnitReportReporter -->
<testsuite hostname="Ronaks-MacBook-Pro.local" failures="0" tests="3" name="com.crm.qa.Testcases.LoginPageTest" time="27.356" errors="0" timestamp="2023-04-07T08:03:39 PDT" skipped="0">
  <testcase classname="com.crm.qa.Testcases.LoginPageTest" name="validatetitletest" time="10.118"/>
  <system-out/>
  <testcase classname="com.crm.qa.Testcases.LoginPageTest" name="validateLogoTest" time="7.099"/>
  <system-out/>
  <testcase classname="com.crm.qa.Testcases.LoginPageTest" name="loginTest" time="10.139"/>
  <system-out/>
</testsuite> <!-- com.crm.qa.Testcases.LoginPageTest -->
