<?xml version="1.0" encoding="UTF-8"?>
<!-- Generated by org.testng.reporters.JUnitReportReporter -->
<testsuite hostname="Ronaks-MacBook-Pro.local" failures="0" tests="4" name="com.crm.qa.Testcases.ContactPageTest" time="53.113" errors="0" timestamp="2023-04-07T06:54:06 PDT" skipped="0">
  <testcase classname="com.crm.qa.Testcases.ContactPageTest" name="CreateNewContact" time="13.266"/>
  <system-out/>
  <testcase classname="com.crm.qa.Testcases.ContactPageTest" name="CreateNewContact" time="13.400"/>
  <system-out/>
  <testcase classname="com.crm.qa.Testcases.ContactPageTest" name="CreateNewContact" time="13.168"/>
  <system-out/>
  <testcase classname="com.crm.qa.Testcases.ContactPageTest" name="CreateNewContact" time="13.279"/>
  <system-out/>
</testsuite> <!-- com.crm.qa.Testcases.ContactPageTest -->
