<?xml version="1.0" encoding="UTF-8"?>
<!-- Generated by org.testng.reporters.JUnitReportReporter -->
<testsuite hostname="Ronaks-MacBook-Pro.local" failures="0" tests="2" name="com.crm.qa.Testcases.HomePageTest" time="20.015" errors="0" timestamp="2023-04-07T08:03:39 PDT" skipped="0">
  <testcase classname="com.crm.qa.Testcases.HomePageTest" name="label" time="7.682"/>
  <system-out/>
  <testcase classname="com.crm.qa.Testcases.HomePageTest" name="newcontact" time="12.333"/>
  <system-out/>
</testsuite> <!-- com.crm.qa.Testcases.HomePageTest -->
