<?xml version="1.0" encoding="UTF-8"?>
<!-- Generated by org.testng.reporters.JUnitReportReporter -->
<testsuite hostname="Ronaks-MacBook-Pro.local" failures="0" tests="4" name="com.crm.qa.Testcases.ContactPageTest" time="53.131" errors="0" timestamp="2023-03-13T00:09:26 PDT" skipped="0">
  <testcase classname="com.crm.qa.Testcases.ContactPageTest" name="CreateNewContact" time="12.760"/>
  <system-out/>
  <testcase classname="com.crm.qa.Testcases.ContactPageTest" name="CreateNewContact" time="14.744"/>
  <system-out/>
  <testcase classname="com.crm.qa.Testcases.ContactPageTest" name="CreateNewContact" time="12.843"/>
  <system-out/>
  <testcase classname="com.crm.qa.Testcases.ContactPageTest" name="CreateNewContact" time="12.784"/>
  <system-out/>
</testsuite> <!-- com.crm.qa.Testcases.ContactPageTest -->
