<?xml version="1.0" encoding="UTF-8"?>
<!-- Generated by org.testng.reporters.JUnitReportReporter -->
<testsuite hostname="Ronaks-MacBook-Pro.local" failures="0" tests="3" name="com.crm.qa.Testcases.LoginPageTest" time="23.044" errors="0" timestamp="03 Mar 2023 23:06:41 GMT" skipped="0">
  <testcase classname="com.crm.qa.Testcases.LoginPageTest" name="validatetitletest" time="6.774"/>
  <testcase classname="com.crm.qa.Testcases.LoginPageTest" name="validateLogoTest" time="6.957"/>
  <testcase classname="com.crm.qa.Testcases.LoginPageTest" name="loginTest" time="9.313"/>
</testsuite> <!-- com.crm.qa.Testcases.LoginPageTest -->
