<?xml version="1.0" encoding="UTF-8"?>
<!-- Generated by org.testng.reporters.JUnitReportReporter -->
<testsuite hostname="Ronaks-MacBook-Pro.local" failures="0" tests="1" name="com.crm.qa.Testcases.ContactPageTest" time="0.000" errors="0" timestamp="12 Jul 2023 19:04:48 GMT" skipped="1">
  <testcase classname="com.crm.qa.Testcases.ContactPageTest" name="CreateNewContact" time="0.000">
    <skipped/>
  </testcase> <!-- CreateNewContact -->
</testsuite> <!-- com.crm.qa.Testcases.ContactPageTest -->
