<?xml version="1.0" encoding="UTF-8"?>
<!-- Generated by org.testng.reporters.JUnitReportReporter -->
<testsuite hostname="Ronaks-MacBook-Pro.local" failures="0" tests="2" name="com.crm.qa.Testcases.HomePageTest" time="20.722" errors="0" timestamp="03 Mar 2023 23:06:41 GMT" skipped="0">
  <testcase classname="com.crm.qa.Testcases.HomePageTest" name="newcontact" time="11.512"/>
  <testcase classname="com.crm.qa.Testcases.HomePageTest" name="label" time="9.210"/>
</testsuite> <!-- com.crm.qa.Testcases.HomePageTest -->
