<?xml version="1.0" encoding="UTF-8"?>
<!-- Generated by org.testng.reporters.JUnitReportReporter -->
<testsuite hostname="Ronaks-MacBook-Pro.local" failures="0" tests="4" name="com.crm.qa.Testcases.ContactPageTest" time="51.628" errors="0" timestamp="03 Mar 2023 23:06:41 GMT" skipped="0">
  <testcase classname="com.crm.qa.Testcases.ContactPageTest" name="CreateNewContact" time="12.975"/>
  <testcase classname="com.crm.qa.Testcases.ContactPageTest" name="CreateNewContact" time="12.548"/>
  <testcase classname="com.crm.qa.Testcases.ContactPageTest" name="CreateNewContact" time="12.847"/>
  <testcase classname="com.crm.qa.Testcases.ContactPageTest" name="CreateNewContact" time="13.258"/>
</testsuite> <!-- com.crm.qa.Testcases.ContactPageTest -->
